<?xml version="1.0" encoding="UTF-8"?>
<testsuites name="Test Suite 1" time="54.083" tests="2" failures="0" errors="0">
   <testsuite name="Test Suite 1" tests="2" failures="0" errors="0" time="54.083" skipped="0" timestamp="2022-08-26 09:07:24" hostname="ASUS - LAPTOP-98D6FE2M" id="Test Suites/Test Suite 1">
      <properties>
         <property name="deviceName" value=""/>
         <property name="devicePlatform" value=""/>
         <property name="logFolder" value="D:\\Katalon\\TesKatalon\\Reports\\20220826_090721\\Test Suite 1\\20220826_090721"/>
         <property name="logFiles" value="D:\\Katalon\\TesKatalon\\Reports\\20220826_090721\\Test Suite 1\\20220826_090721\\execution0.log"/>
         <property name="attachments" value=""/>
         <property name="hostName" value="ASUS - LAPTOP-98D6FE2M"/>
         <property name="os" value="Windows 10 64bit"/>
         <property name="katalonVersion" value="8.4.1.208"/>
         <property name="browser" value="Chrome 104.0.5112.102"/>
         <property name="hostAddress" value="192.168.56.1"/>
         <property name="sessionId" value="3fb6fbc958ce08689d2df01d44f00f66"/>
         <property name="seleniumVersion" value="3.141.59"/>
         <property name="proxyInformation" value="ProxyInformation { proxyOption=NO_PROXY, proxyServerType=HTTP, username=, password=********, proxyServerAddress=, proxyServerPort=0, executionList=&quot;&quot;, isApplyToDesiredCapabilities=true }"/>
         <property name="platform" value="Windows 10"/>
      </properties>
      <testcase name="Test Cases/Login/TC001-LoginLogout" time="22.307" classname="Test Cases/Login/TC001-LoginLogout" status="PASSED">
         <system-out><![CDATA[2022-08-26 09:07:24 - [TEST_CASE][PASSED] - Test Cases/Login/TC001-LoginLogout: Test Cases/Login/TC001-LoginLogout

2022-08-26 09:07:24 - [TEST_STEP][PASSED] - openBrowser(""): Browser is opened with url: ''

2022-08-26 09:07:25 - [MESSAGE][INFO] - Starting 'Chrome' driver

2022-08-26 09:07:25 - [MESSAGE][INFO] - Action delay is set to 0 milliseconds

2022-08-26 09:07:27 - [MESSAGE][PASSED] - Browser is opened with url: ''

2022-08-26 09:07:27 - [TEST_STEP][PASSED] - navigateToUrl("https://opensource-demo.orangehrmlive.com/web/index.php/auth/login"): Navigate to 'https://opensource-demo.orangehrmlive.com/web/index.php/auth/login' successfully

2022-08-26 09:07:37 - [MESSAGE][PASSED] - Navigate to 'https://opensource-demo.orangehrmlive.com/web/index.php/auth/login' successfully

2022-08-26 09:07:37 - [TEST_STEP][PASSED] - setText(findTestObject("Object Repository/Page_OrangeHRM/input_Username_username"), "Admin"): Text 'Admin' is set on object 'Object Repository/Page_OrangeHRM/input_Username_username'

2022-08-26 09:07:40 - [MESSAGE][PASSED] - Text 'Admin' is set on object 'Object Repository/Page_OrangeHRM/input_Username_username'

2022-08-26 09:07:40 - [TEST_STEP][PASSED] - setEncryptedText(findTestObject("Object Repository/Page_OrangeHRM/input_Password_password"), "hUKwJTbofgPU9eVlw/CnDQ=="): Text ****** has been set on object 'Object Repository/Page_OrangeHRM/input_Password_password'

2022-08-26 09:07:40 - [MESSAGE][PASSED] - Text ****** has been set on object 'Object Repository/Page_OrangeHRM/input_Password_password'

2022-08-26 09:07:40 - [TEST_STEP][PASSED] - click(findTestObject("Object Repository/Page_OrangeHRM/button_Login")): Object: 'Object Repository/Page_OrangeHRM/button_Login' is clicked on

2022-08-26 09:07:40 - [MESSAGE][PASSED] - Object: 'Object Repository/Page_OrangeHRM/button_Login' is clicked on

2022-08-26 09:07:40 - [TEST_STEP][PASSED] - click(findTestObject("Object Repository/Page_OrangeHRM/i_PIM_oxd-icon bi-caret-down-fill oxd-userd_9ba5b3")): Object: 'Object Repository/Page_OrangeHRM/i_PIM_oxd-icon bi-caret-down-fill oxd-userd_9ba5b3' is clicked on

2022-08-26 09:07:44 - [MESSAGE][PASSED] - Object: 'Object Repository/Page_OrangeHRM/i_PIM_oxd-icon bi-caret-down-fill oxd-userd_9ba5b3' is clicked on

2022-08-26 09:07:44 - [TEST_STEP][PASSED] - click(findTestObject("Object Repository/Page_OrangeHRM/a_Logout")): Object: 'Object Repository/Page_OrangeHRM/a_Logout' is clicked on

2022-08-26 09:07:46 - [MESSAGE][PASSED] - Object: 'Object Repository/Page_OrangeHRM/a_Logout' is clicked on

2022-08-26 09:07:46 - [TEST_STEP][PASSED] - closeBrowser(): Browser is closed

2022-08-26 09:07:46 - [MESSAGE][PASSED] - Browser is closed]]></system-out>
         <system-err><![CDATA[]]></system-err>
      </testcase>
      <testcase name="Test Cases/PIM/TC002-SearchJobTitle" time="31.46" classname="Test Cases/PIM/TC002-SearchJobTitle" status="PASSED">
         <system-out><![CDATA[2022-08-26 09:07:46 - [TEST_CASE][PASSED] - Test Cases/PIM/TC002-SearchJobTitle: Test Cases/PIM/TC002-SearchJobTitle

2022-08-26 09:07:47 - [TEST_STEP][PASSED] - openBrowser(""): Browser is opened with url: ''

2022-08-26 09:07:47 - [MESSAGE][INFO] - Starting 'Chrome' driver

2022-08-26 09:07:47 - [MESSAGE][INFO] - Action delay is set to 0 milliseconds

2022-08-26 09:07:48 - [MESSAGE][PASSED] - Browser is opened with url: ''

2022-08-26 09:07:48 - [TEST_STEP][PASSED] - navigateToUrl("https://opensource-demo.orangehrmlive.com/web/index.php/auth/login"): Navigate to 'https://opensource-demo.orangehrmlive.com/web/index.php/auth/login' successfully

2022-08-26 09:08:07 - [MESSAGE][PASSED] - Navigate to 'https://opensource-demo.orangehrmlive.com/web/index.php/auth/login' successfully

2022-08-26 09:08:07 - [TEST_STEP][PASSED] - setText(findTestObject("Object Repository/Page_OrangeHRM/input_Username_username"), "Admin"): Text 'Admin' is set on object 'Object Repository/Page_OrangeHRM/input_Username_username'

2022-08-26 09:08:09 - [MESSAGE][PASSED] - Text 'Admin' is set on object 'Object Repository/Page_OrangeHRM/input_Username_username'

2022-08-26 09:08:09 - [TEST_STEP][PASSED] - setEncryptedText(findTestObject("Object Repository/Page_OrangeHRM/input_Password_password"), "hUKwJTbofgPU9eVlw/CnDQ=="): Text ****** has been set on object 'Object Repository/Page_OrangeHRM/input_Password_password'

2022-08-26 09:08:10 - [MESSAGE][PASSED] - Text ****** has been set on object 'Object Repository/Page_OrangeHRM/input_Password_password'

2022-08-26 09:08:10 - [TEST_STEP][PASSED] - click(findTestObject("Object Repository/Page_OrangeHRM/button_Login")): Object: 'Object Repository/Page_OrangeHRM/button_Login' is clicked on

2022-08-26 09:08:10 - [MESSAGE][PASSED] - Object: 'Object Repository/Page_OrangeHRM/button_Login' is clicked on

2022-08-26 09:08:10 - [TEST_STEP][PASSED] - click(findTestObject("Object Repository/Page_OrangeHRM/a_PIM")): Object: 'Object Repository/Page_OrangeHRM/a_PIM' is clicked on

2022-08-26 09:08:16 - [MESSAGE][PASSED] - Object: 'Object Repository/Page_OrangeHRM/a_PIM' is clicked on

2022-08-26 09:08:16 - [TEST_STEP][PASSED] - click(findTestObject("Object Repository/Page_OrangeHRM/i_-- Select --_oxd-icon bi-caret-down-fill _93b898")): Object: 'Object Repository/Page_OrangeHRM/i_-- Select --_oxd-icon bi-caret-down-fill _93b898' is clicked on

2022-08-26 09:08:17 - [MESSAGE][PASSED] - Object: 'Object Repository/Page_OrangeHRM/i_-- Select --_oxd-icon bi-caret-down-fill _93b898' is clicked on

2022-08-26 09:08:17 - [TEST_STEP][PASSED] - click(findTestObject("Object Repository/Page_OrangeHRM/button_Search")): Object: 'Object Repository/Page_OrangeHRM/button_Search' is clicked on

2022-08-26 09:08:17 - [MESSAGE][PASSED] - Object: 'Object Repository/Page_OrangeHRM/button_Search' is clicked on

2022-08-26 09:08:17 - [TEST_STEP][PASSED] - closeBrowser(): Browser is closed

2022-08-26 09:08:18 - [MESSAGE][PASSED] - Browser is closed]]></system-out>
         <system-err><![CDATA[]]></system-err>
      </testcase>
      <system-out><![CDATA[2022-08-26 09:07:24 - [TEST_SUITE][PASSED] - Test Suite 1: Test Cases/PIM/TC002-SearchJobTitle]]></system-out>
      <system-err><![CDATA[]]></system-err>
   </testsuite>
</testsuites>
